2023-05-05T14:32:29.076+05:30  INFO 22620 --- [restartedMain] com.example.groupcasestudy.Main          : Starting Main using Java 17.0.6 with PID 22620 (D:\Projects\New Projects\group case study\GroupCaseStudy\target\classes started by Perennial in D:\Projects\New Projects\group case study\GroupCaseStudy)
2023-05-05T14:32:29.094+05:30  INFO 22620 --- [restartedMain] com.example.groupcasestudy.Main          : No active profile set, falling back to 1 default profile: "default"
2023-05-05T14:32:29.183+05:30  INFO 22620 --- [restartedMain] .e.DevToolsPropertyDefaultsPostProcessor : Devtools property defaults active! Set 'spring.devtools.add-properties' to 'false' to disable
2023-05-05T14:32:29.183+05:30  INFO 22620 --- [restartedMain] .e.DevToolsPropertyDefaultsPostProcessor : For additional web related logging consider setting the 'logging.level.web' property to 'DEBUG'
2023-05-05T14:32:30.877+05:30  INFO 22620 --- [restartedMain] .s.d.r.c.RepositoryConfigurationDelegate : Bootstrapping Spring Data JPA repositories in DEFAULT mode.
2023-05-05T14:32:31.068+05:30  INFO 22620 --- [restartedMain] .s.d.r.c.RepositoryConfigurationDelegate : Finished Spring Data repository scanning in 169 ms. Found 1 JPA repository interfaces.
2023-05-05T14:32:32.461+05:30  INFO 22620 --- [restartedMain] o.s.b.w.embedded.tomcat.TomcatWebServer  : Tomcat initialized with port(s): 4040 (http)
2023-05-05T14:32:32.485+05:30  INFO 22620 --- [restartedMain] o.apache.catalina.core.StandardService   : Starting service [Tomcat]
2023-05-05T14:32:32.486+05:30  INFO 22620 --- [restartedMain] o.apache.catalina.core.StandardEngine    : Starting Servlet engine: [Apache Tomcat/10.1.7]
2023-05-05T14:32:32.681+05:30  INFO 22620 --- [restartedMain] o.a.c.c.C.[Tomcat].[localhost].[/]       : Initializing Spring embedded WebApplicationContext
2023-05-05T14:32:32.683+05:30  INFO 22620 --- [restartedMain] w.s.c.ServletWebServerApplicationContext : Root WebApplicationContext: initialization completed in 3498 ms
2023-05-05T14:32:33.021+05:30  INFO 22620 --- [restartedMain] o.hibernate.jpa.internal.util.LogHelper  : HHH000204: Processing PersistenceUnitInfo [name: default]
2023-05-05T14:32:33.152+05:30  INFO 22620 --- [restartedMain] org.hibernate.Version                    : HHH000412: Hibernate ORM core version 6.1.7.Final
2023-05-05T14:32:33.758+05:30  INFO 22620 --- [restartedMain] com.zaxxer.hikari.HikariDataSource       : HikariPool-1 - Starting...
2023-05-05T14:32:34.589+05:30  INFO 22620 --- [restartedMain] com.zaxxer.hikari.pool.HikariPool        : HikariPool-1 - Added connection com.mysql.cj.jdbc.ConnectionImpl@3cf3aa25
2023-05-05T14:32:34.594+05:30  INFO 22620 --- [restartedMain] com.zaxxer.hikari.HikariDataSource       : HikariPool-1 - Start completed.
2023-05-05T14:32:34.631+05:30  WARN 22620 --- [restartedMain] org.hibernate.dialect.Dialect            : HHH000511: The 5.0.0 version for [org.hibernate.dialect.MySQL5Dialect] is no longer supported, hence certain features may not work properly. The minimum supported version is 5.7.0. Check the community dialects project for available legacy versions.
2023-05-05T14:32:34.636+05:30  INFO 22620 --- [restartedMain] SQL dialect                              : HHH000400: Using dialect: org.hibernate.dialect.MySQL5Dialect
2023-05-05T14:32:34.639+05:30  WARN 22620 --- [restartedMain] org.hibernate.orm.deprecation            : HHH90000026: MySQL5Dialect has been deprecated; use org.hibernate.dialect.MySQLDialect instead
2023-05-05T14:32:36.918+05:30  INFO 22620 --- [restartedMain] o.h.e.t.j.p.i.JtaPlatformInitiator       : HHH000490: Using JtaPlatform implementation: [org.hibernate.engine.transaction.jta.platform.internal.NoJtaPlatform]
2023-05-05T14:32:36.940+05:30  INFO 22620 --- [restartedMain] j.LocalContainerEntityManagerFactoryBean : Initialized JPA EntityManagerFactory for persistence unit 'default'
2023-05-05T14:32:37.929+05:30  WARN 22620 --- [restartedMain] JpaBaseConfiguration$JpaWebConfiguration : spring.jpa.open-in-view is enabled by default. Therefore, database queries may be performed during view rendering. Explicitly configure spring.jpa.open-in-view to disable this warning
2023-05-05T14:32:38.590+05:30  INFO 22620 --- [restartedMain] o.s.b.d.a.OptionalLiveReloadServer       : LiveReload server is running on port 35729
2023-05-05T14:32:38.708+05:30  INFO 22620 --- [restartedMain] o.s.b.w.embedded.tomcat.TomcatWebServer  : Tomcat started on port(s): 4040 (http) with context path ''
2023-05-05T14:32:38.735+05:30  INFO 22620 --- [restartedMain] com.example.groupcasestudy.Main          : Started Main in 10.586 seconds (process running for 12.501)
2023-05-05T14:34:05.001+05:30  INFO 22620 --- [http-nio-4040-exec-1] o.a.c.c.C.[Tomcat].[localhost].[/]       : Initializing Spring DispatcherServlet 'dispatcherServlet'
2023-05-05T14:34:05.003+05:30  INFO 22620 --- [http-nio-4040-exec-1] o.s.web.servlet.DispatcherServlet        : Initializing Servlet 'dispatcherServlet'
2023-05-05T14:34:05.008+05:30  INFO 22620 --- [http-nio-4040-exec-1] o.s.web.servlet.DispatcherServlet        : Completed initialization in 4 ms
2023-05-05T14:34:05.053+05:30  WARN 22620 --- [http-nio-4040-exec-1] .w.s.m.s.DefaultHandlerExceptionResolver : Resolved [org.springframework.web.HttpRequestMethodNotSupportedException: Request method 'GET' is not supported]
2023-05-05T14:37:04.665+05:30  WARN 22620 --- [http-nio-4040-exec-7] .w.s.m.s.DefaultHandlerExceptionResolver : Resolved [org.springframework.web.bind.MissingServletRequestParameterException: Required request parameter 'userId' for method parameter type UUID is not present]
2023-05-05T14:37:24.574+05:30  WARN 22620 --- [http-nio-4040-exec-9] .w.s.m.s.DefaultHandlerExceptionResolver : Resolved [org.springframework.web.bind.MissingServletRequestParameterException: Required request parameter 'userId' for method parameter type UUID is not present]
2023-05-05T14:38:13.013+05:30  INFO 22620 --- [SpringApplicationShutdownHook] j.LocalContainerEntityManagerFactoryBean : Closing JPA EntityManagerFactory for persistence unit 'default'
2023-05-05T14:38:13.020+05:30  INFO 22620 --- [SpringApplicationShutdownHook] com.zaxxer.hikari.HikariDataSource       : HikariPool-1 - Shutdown initiated...
2023-05-05T14:38:13.047+05:30  INFO 22620 --- [SpringApplicationShutdownHook] com.zaxxer.hikari.HikariDataSource       : HikariPool-1 - Shutdown completed.
